<?xml version="1.0" encoding="UTF-8"?>
<testsuite xmlns:xsi="http://www.w3.org/2001/XMLSchema-instance" xsi:noNamespaceSchemaLocation="https://maven.apache.org/surefire/maven-surefire-plugin/xsd/surefire-test-report.xsd" name="TestSuite" time="9.839" tests="4" errors="0" skipped="0" failures="0">
  <properties>
[...]
</properties>
  <testcase name="get_with_param" classname="FirstTest" time="3.165"/>
  <testcase name="get_with_param" classname="FirstTest" time="2.054"/>
  <testcase name="post_test" classname="FirstTest" time="2.098"/>
  <testcase name="simple_get_test" classname="FirstTest" time="2.078"/>
</testsuite>