<?xml version="1.0" encoding="UTF-8"?>
<!-- Generated by org.testng.reporters.JUnitReportReporter -->
<testsuite skipped="0" hostname="KB1PC14" name="FirstTest" tests="4" failures="0" timestamp="25 Nov 2025 08:42:28 GMT" time="9.394" errors="0">
  <testcase name="get_with_param" time="2.055" classname="FirstTest"/>
  <testcase name="simple_get_test" time="2.077" classname="FirstTest"/>
  <testcase name="get_with_param" time="3.164" classname="FirstTest"/>
  <testcase name="post_test" time="2.098" classname="FirstTest"/>
</testsuite> <!-- FirstTest -->
